<?xml version="1.0" encoding="UTF-8"?>
<!-- Generated by org.testng.reporters.JUnitXMLReporter -->
<testsuite ignored="1" hostname="MacBook-Pro-2.local" failures="0" tests="4" name="HomeLoan" time="0.013" errors="0" timestamp="2019-10-22T20:03:34 PDT">
  <testcase classname="testNGTutorial.TestClass1" name="TC2" time="0.001"/>
  <testcase classname="testNGTutorial.TestClass4" name="LogInAPICarLoan" time="0.001"/>
  <testcase classname="testNGTutorial.TestClass4" name="MobileLoginHomeLoan" time="0.001"/>
  <testcase classname="testNGTutorial.TestClass4" name="WebLoginHome" time="0.001"/>
  <testcase classname="testNGTutorial.TestClass1" name="TC" time="0.0">
    <ignored/>
  </testcase> <!-- TC -->
</testsuite> <!-- HomeLoan -->
