<?xml version="1.0" encoding="UTF-8"?>
<!-- Generated by org.testng.reporters.JUnitXMLReporter -->
<testsuite ignored="2" hostname="MacBook-Pro-2.local" failures="0" tests="3" name="PersonalLoan" time="0.058" errors="0" timestamp="2019-10-22T20:03:34 PDT">
  <testcase classname="testNGTutorial.TestClass2" name="TC2" time="0.01"/>
  <testcase classname="testNGTutorial.TestClass3" name="LogInAPICarLoan" time="0.002"/>
  <testcase classname="testNGTutorial.TestClass3" name="WebLogin" time="0.001"/>
  <testcase classname="testNGTutorial.TestClass3" name="MobileLoginCarLoan" time="0.0">
    <ignored/>
  </testcase> <!-- MobileLoginCarLoan -->
  <testcase classname="testNGTutorial.TestClass2" name="TC1" time="0.0">
    <ignored/>
  </testcase> <!-- TC1 -->
</testsuite> <!-- PersonalLoan -->
