<?xml version="1.0" encoding="UTF-8"?>
<!-- Generated by org.testng.reporters.JUnitXMLReporter -->
<testsuite ignored="7" hostname="MacBook-Pro-2.local" failures="0" tests="3" name="Regression" time="0.078" errors="0" timestamp="2019-10-22T20:30:10 PDT">
  <testcase classname="testNGTutorial.TestClass2" name="TC1" time="0.016"/>
  <testcase classname="testNGTutorial.TestClass4" name="LogInAPICarLoan" time="0.002"/>
  <testcase classname="testNGTutorial.TestClass4" name="WebLoginHome" time="0.001"/>
  <testcase classname="testNGTutorial.TestClass3" name="MobileLoginCarLoan" time="0.0">
    <ignored/>
  </testcase> <!-- MobileLoginCarLoan -->
  <testcase classname="testNGTutorial.TestClass1" name="TC2" time="0.0">
    <ignored/>
  </testcase> <!-- TC2 -->
  <testcase classname="testNGTutorial.TestClass4" name="MobileLoginHomeLoan" time="0.0">
    <ignored/>
  </testcase> <!-- MobileLoginHomeLoan -->
  <testcase classname="testNGTutorial.TestClass3" name="LogInAPICarLoan" time="0.0">
    <ignored/>
  </testcase> <!-- LogInAPICarLoan -->
  <testcase classname="testNGTutorial.TestClass3" name="WebLogin" time="0.0">
    <ignored/>
  </testcase> <!-- WebLogin -->
  <testcase classname="testNGTutorial.TestClass1" name="TC" time="0.0">
    <ignored/>
  </testcase> <!-- TC -->
  <testcase classname="testNGTutorial.TestClass2" name="TC2" time="0.0">
    <ignored/>
  </testcase> <!-- TC2 -->
</testsuite> <!-- Regression -->
