<?xml version="1.0" encoding="UTF-8"?>
<testng-results ignored="7" total="10" passed="3" failed="0" skipped="0">
  <reporter-output>
  </reporter-output>
  <suite started-at="2019-10-22T20:30:09 PDT" name="LoanDepartment" finished-at="2019-10-22T20:30:10 PDT" duration-ms="78">
    <groups>
      <group name="Smoke">
        <method signature="TestClass2.TC1()[pri:0, instance:testNGTutorial.TestClass2@45f45fa1]" name="TC1" class="testNGTutorial.TestClass2"/>
        <method signature="TestClass4.LogInAPICarLoan()[pri:0, instance:testNGTutorial.TestClass4@4c6e276e]" name="LogInAPICarLoan" class="testNGTutorial.TestClass4"/>
        <method signature="TestClass4.WebLoginHome()[pri:0, instance:testNGTutorial.TestClass4@4c6e276e]" name="WebLoginHome" class="testNGTutorial.TestClass4"/>
      </group> <!-- Smoke -->
    </groups>
    <test started-at="2019-10-22T20:30:09 PDT" name="Regression" finished-at="2019-10-22T20:30:10 PDT" duration-ms="78">
      <class name="testNGTutorial.TestClass2">
        <test-method signature="TC1()[pri:0, instance:testNGTutorial.TestClass2@45f45fa1]" started-at="2019-10-22T20:30:10 PDT" name="TC1" finished-at="2019-10-22T20:30:10 PDT" duration-ms="16" status="PASS">
          <reporter-output>
          </reporter-output>
        </test-method> <!-- TC1 -->
      </class> <!-- testNGTutorial.TestClass2 -->
      <class name="testNGTutorial.TestClass4">
        <test-method signature="LogInAPICarLoan()[pri:0, instance:testNGTutorial.TestClass4@4c6e276e]" started-at="2019-10-22T20:30:10 PDT" name="LogInAPICarLoan" finished-at="2019-10-22T20:30:10 PDT" duration-ms="2" status="PASS">
          <reporter-output>
          </reporter-output>
        </test-method> <!-- LogInAPICarLoan -->
        <test-method signature="WebLoginHome()[pri:0, instance:testNGTutorial.TestClass4@4c6e276e]" started-at="2019-10-22T20:30:10 PDT" name="WebLoginHome" finished-at="2019-10-22T20:30:10 PDT" duration-ms="1" status="PASS">
          <reporter-output>
          </reporter-output>
        </test-method> <!-- WebLoginHome -->
      </class> <!-- testNGTutorial.TestClass4 -->
    </test> <!-- Regression -->
  </suite> <!-- LoanDepartment -->
</testng-results>
