<?xml version="1.0" encoding="UTF-8"?>
<!-- Generated by org.testng.reporters.JUnitXMLReporter -->
<testsuite ignored="0" hostname="MacBook-Pro-2.local" failures="0" tests="3" name="Default test" time="0.047" errors="0" timestamp="2019-10-22T20:03:18 PDT">
  <testcase classname="testNGTutorial.TestClass3" name="LogInAPICarLoan" time="0.005"/>
  <testcase classname="testNGTutorial.TestClass3" name="MobileLoginCarLoan" time="0.001"/>
  <testcase classname="testNGTutorial.TestClass3" name="WebLogin" time="0.001"/>
</testsuite> <!-- Default test -->
