<?xml version="1.0" encoding="UTF-8"?>
<!-- Generated by org.testng.reporters.JUnitXMLReporter -->
<testsuite ignored="0" hostname="MacBook-Pro-2.local" failures="0" tests="3" name="Test" time="0.052" errors="0" timestamp="2019-10-22T18:28:11 PDT">
  <testcase classname="testNGTutorial.TestClass1" name="TC" time="0.011"/>
  <testcase classname="testNGTutorial.TestClass1" name="TC2" time="0.001"/>
  <testcase classname="testNGTutorial.TestClass2" name="TC1" time="0.003"/>
</testsuite> <!-- Test -->
